2022-03-07 15:54:21 django.utils.autoreload INFO     Watching for file changes with StatReloader
2022-03-07 15:54:31 django.request WARNING  Not Found: /api/
2022-03-07 15:54:31 django.request WARNING  Not Found: /favicon.ico
2022-03-07 15:54:31 django.request WARNING  Not Found: /api/
2022-03-07 16:01:11 django.utils.autoreload INFO     Watching for file changes with StatReloader
2022-03-07 16:01:17 django.utils.autoreload INFO     Watching for file changes with StatReloader
2022-03-07 16:01:18 api.views    DEBUG    ReportAPI - ID: 0 has an error: Report matching query does not exist.
2022-03-07 16:09:31 django.utils.autoreload INFO     /home/hoaf13/workspace/web_app/django/smartcall_map_location_django/smartcall_map_location_django/settings.py changed, reloading.
2022-03-07 16:09:32 django.utils.autoreload INFO     Watching for file changes with StatReloader
2022-03-07 16:09:34 django.utils.autoreload INFO     /home/hoaf13/workspace/web_app/django/smartcall_map_location_django/smartcall_map_location_django/settings.py changed, reloading.
2022-03-07 16:09:34 django.utils.autoreload INFO     Watching for file changes with StatReloader
2022-03-07 16:09:36 django.utils.autoreload INFO     /home/hoaf13/workspace/web_app/django/smartcall_map_location_django/smartcall_map_location_django/settings.py changed, reloading.
2022-03-07 16:09:36 django.utils.autoreload INFO     Watching for file changes with StatReloader
2022-03-07 16:11:47 django.utils.autoreload INFO     /home/hoaf13/workspace/web_app/django/smartcall_map_location_django/smartcall_map_location_django/settings.py changed, reloading.
2022-03-07 16:23:08 django.utils.autoreload INFO     Watching for file changes with StatReloader
2022-03-07 16:23:28 django.utils.autoreload INFO     Watching for file changes with StatReloader
2022-03-07 16:23:57 django.utils.autoreload INFO     Watching for file changes with StatReloader
2022-03-07 16:24:09 api.views    DEBUG    ReportAPI - ID: 0 has an error: Report matching query does not exist.
2022-03-07 16:24:09 api.views    DEBUG    ReportAPI - ID: 0 has an error: Report matching query does not exist.
2022-03-07 16:24:44 django.utils.autoreload INFO     Watching for file changes with StatReloader
2022-03-07 16:25:23 django.utils.autoreload INFO     Watching for file changes with StatReloader
2022-03-07 16:25:36 django.utils.autoreload INFO     Watching for file changes with StatReloader
